Fri, 11 Sep 2020 10:59:15 GMT | ERROR  | HTTP 404: ask for:  http://localhost:3000/
Fri, 11 Sep 2020 10:59:15 GMT | ERROR  | HTTP 404: ask for:  http://localhost:3000/favicon.ico
Fri, 11 Sep 2020 11:02:33 GMT | ERROR  | HTTP 404: ask for:  http://localhost:3000/
Fri, 11 Sep 2020 11:02:34 GMT | ERROR  | HTTP 404: ask for:  http://localhost:3000/
Fri, 11 Sep 2020 11:02:35 GMT | ERROR  | HTTP 404: ask for:  http://localhost:3000/
Fri, 11 Sep 2020 11:38:34 GMT | ERROR  | HTTP 404: ask for:  http://localhost:3000/
Fri, 11 Sep 2020 11:38:34 GMT | ERROR  | HTTP 404: ask for:  http://localhost:3000/favicon.ico
Mon, 14 Sep 2020 13:12:55 GMT | ERROR  | HTTP 404: ask for:  http://localhost:3000/
Mon, 14 Sep 2020 13:12:55 GMT | ERROR  | HTTP 404: ask for:  http://localhost:3000/favicon.ico
Mon, 14 Sep 2020 13:13:44 GMT | ERROR  | HTTP 404: ask for:  http://localhost:3000/
Mon, 14 Sep 2020 13:13:51 GMT | ERROR  | HTTP 404: ask for:  http://localhost:3000/todo
Mon, 14 Sep 2020 13:22:41 GMT | ERROR  | HTTP 404: ask for:  http://localhost:3000/api/v1/resource
Mon, 14 Sep 2020 13:22:50 GMT | ERROR  | HTTP 404: ask for:  http://localhost:3000/api/v1/resource
Mon, 14 Sep 2020 13:24:08 GMT | ERROR  | HTTP 404: ask for:  http://localhost:3000/api/v1/todos
Wed, 30 Sep 2020 08:01:04 GMT | ERROR  | HTTP 404: ask for:  http://localhost:3000/
Wed, 30 Sep 2020 08:01:27 GMT | ERROR  | HTTP 404: ask for:  http://localhost:3000/routes
Wed, 30 Sep 2020 08:01:35 GMT | ERROR  | HTTP 404: ask for:  http://localhost:3000/routes/pizza
Wed, 30 Sep 2020 08:01:40 GMT | ERROR  | HTTP 404: ask for:  http://localhost:3000/routes/order
Wed, 30 Sep 2020 08:36:28 GMT | ERROR  | HTTP 404: ask for:  http://localhost:3000/
Wed, 30 Sep 2020 08:36:28 GMT | ERROR  | HTTP 404: ask for:  http://localhost:3000/favicon.ico
Wed, 30 Sep 2020 08:45:53 GMT | ERROR  | HTTP 404: ask for:  http://localhost:3000/todo
Wed, 30 Sep 2020 08:46:07 GMT | ERROR  | HTTP 404: ask for:  http://localhost:3000/pizza
Wed, 30 Sep 2020 08:46:11 GMT | ERROR  | HTTP 404: ask for:  http://localhost:3000/order
Wed, 30 Sep 2020 08:46:35 GMT | ERROR  | HTTP 404: ask for:  http://localhost:3000/middleware
Wed, 30 Sep 2020 08:46:51 GMT | ERROR  | HTTP 404: ask for:  http://localhost:3000/route404
Wed, 30 Sep 2020 08:46:56 GMT | ERROR  | HTTP 404: ask for:  http://localhost:3000/
Wed, 30 Sep 2020 08:52:50 GMT | ERROR  | HTTP 404: ask for:  http://localhost:3000/
Wed, 30 Sep 2020 08:52:56 GMT | ERROR  | HTTP 404: ask for:  http://localhost:3000/pizza
Wed, 30 Sep 2020 08:54:20 GMT | ERROR  | HTTP 404: ask for:  http://localhost:3000/pizza
Wed, 30 Sep 2020 08:54:22 GMT | ERROR  | HTTP 404: ask for:  http://localhost:3000/pizza
Wed, 30 Sep 2020 08:54:56 GMT | ERROR  | HTTP 404: ask for:  http://localhost:3000/pizza
Wed, 30 Sep 2020 08:55:04 GMT | ERROR  | HTTP 404: ask for:  http://localhost:3000/pizza
Wed, 30 Sep 2020 08:55:05 GMT | ERROR  | HTTP 404: ask for:  http://localhost:3000/pizza
Wed, 30 Sep 2020 08:55:06 GMT | ERROR  | HTTP 404: ask for:  http://localhost:3000/pizza
Wed, 30 Sep 2020 09:07:45 GMT | ERROR  | HTTP 404: ask for:  http://localhost:3000/pizza
Wed, 30 Sep 2020 09:11:39 GMT | ERROR  | HTTP 404: ask for:  http://localhost:3000/pizza?numberPizza=0&pizzaName=%224%20fromages%22%20&description=%22Vraiment%20tr%C3%A8s%20bon%22
Wed, 30 Sep 2020 09:12:09 GMT | ERROR  | HTTP 404: ask for:  http://localhost:3000/pizza/id:0
Wed, 30 Sep 2020 09:17:19 GMT | ERROR  | HTTP 404: ask for:  http://localhost:3000/pizza
Wed, 30 Sep 2020 09:18:50 GMT | ERROR  | HTTP 404: ask for:  http://localhost:3000/pizza
Wed, 30 Sep 2020 09:18:52 GMT | ERROR  | HTTP 404: ask for:  http://localhost:3000/pizza
Wed, 30 Sep 2020 09:35:19 GMT | ERROR  | HTTP 404: ask for:  http://localhost:3000/pizza/id:0
Wed, 30 Sep 2020 09:35:29 GMT | ERROR  | HTTP 404: ask for:  http://localhost:3000/pizza/id:1
Wed, 30 Sep 2020 09:56:37 GMT | ERROR  | HTTP 404: ask for:  http://localhost:3000/
Wed, 30 Sep 2020 09:56:40 GMT | ERROR  | HTTP 404: ask for:  http://localhost:3000/
Wed, 30 Sep 2020 09:56:48 GMT | ERROR  | HTTP 404: ask for:  http://localhost:3000/pizza
Sun, 04 Oct 2020 12:26:39 GMT | ERROR  | HTTP 404: ask for:  http://localhost:3000/
Sun, 04 Oct 2020 12:26:40 GMT | ERROR  | HTTP 404: ask for:  http://localhost:3000/favicon.ico
Sun, 04 Oct 2020 12:47:18 GMT | ERROR  | HTTP 404: ask for:  http://localhost:3000/pizza
Sun, 04 Oct 2020 13:16:08 GMT | ERROR  | HTTP 404: ask for:  http://localhost:3000/toto
Sun, 04 Oct 2020 13:16:47 GMT | ERROR  | HTTP 404: ask for:  http://localhost:3000/cv
Sun, 04 Oct 2020 13:16:50 GMT | ERROR  | HTTP 404: ask for:  http://localhost:3000/cv
Sun, 04 Oct 2020 13:17:01 GMT | ERROR  | HTTP 404: ask for:  http://localhost:3000/pizza/toto/tutu
Sun, 04 Oct 2020 13:17:05 GMT | ERROR  | HTTP 404: ask for:  http://localhost:3000/pizza/toto/tutu
Sun, 04 Oct 2020 13:24:23 GMT | ERROR  | HTTP 404: ask for:  http://localhost:3000/pizza
Sun, 04 Oct 2020 13:24:27 GMT | ERROR  | HTTP 404: ask for:  http://localhost:3000/pizza
Sun, 04 Oct 2020 13:24:37 GMT | ERROR  | HTTP 404: ask for:  http://localhost:3000/pizza
Sun, 04 Oct 2020 14:03:55 GMT | ERROR  | HTTP 404: ask for:  http://localhost:3000/pizza
Sun, 04 Oct 2020 14:12:49 GMT | ERROR  | HTTP 404: ask for:  http://localhost:3000/pizza
Sun, 04 Oct 2020 14:42:41 GMT | ERROR  | HTTP 404: ask for:  http://localhost:3000/pizzas
