Fri, 11 Sep 2020 10:58:58 GMT | INFO  | Server is running on port: 3000
Fri, 11 Sep 2020 11:02:29 GMT | INFO  | Server is running on port: 3000
Fri, 11 Sep 2020 11:38:20 GMT | INFO  | Server is running on port: 3000
Fri, 11 Sep 2020 11:41:40 GMT | INFO  | Server is running on port: 3000
Fri, 11 Sep 2020 11:56:00 GMT | INFO  | Server is running on port: 3000
Fri, 11 Sep 2020 11:56:00 GMT | INFO  | Connected to database
Fri, 11 Sep 2020 12:05:35 GMT | INFO  | Server is running on port: 3000
Fri, 11 Sep 2020 12:05:35 GMT | INFO  | Connected to database
Mon, 14 Sep 2020 13:12:46 GMT | INFO  | Server is running on port: 3000
Mon, 14 Sep 2020 13:12:46 GMT | INFO  | Connected to database
Mon, 14 Sep 2020 13:13:40 GMT | INFO  | Server is running on port: 3000
Mon, 14 Sep 2020 13:13:40 GMT | INFO  | Connected to database
Mon, 14 Sep 2020 13:17:31 GMT | INFO  | Server is running on port: 3000
Mon, 14 Sep 2020 13:17:31 GMT | INFO  | Connected to database
Mon, 14 Sep 2020 13:18:09 GMT | INFO  | Server is running on port: 3000
Mon, 14 Sep 2020 13:18:09 GMT | INFO  | Connected to database
Wed, 30 Sep 2020 08:00:48 GMT | INFO  | Server is running on port: 3000
Wed, 30 Sep 2020 08:00:48 GMT | INFO  | Connected to database
Wed, 30 Sep 2020 08:36:28 GMT | INFO  | Server is running on port: 3000
Wed, 30 Sep 2020 08:36:28 GMT | INFO  | Connected to database
Wed, 30 Sep 2020 08:52:49 GMT | INFO  | Server is running on port: 3000
Wed, 30 Sep 2020 08:52:49 GMT | INFO  | Connected to database
Wed, 30 Sep 2020 08:54:18 GMT | INFO  | Server is running on port: 3000
Wed, 30 Sep 2020 08:54:18 GMT | INFO  | Connected to database
Wed, 30 Sep 2020 08:55:02 GMT | INFO  | Server is running on port: 3000
Wed, 30 Sep 2020 08:55:02 GMT | INFO  | Connected to database
Wed, 30 Sep 2020 08:55:27 GMT | INFO  | Server is running on port: 3000
Wed, 30 Sep 2020 08:55:27 GMT | INFO  | Connected to database
Wed, 30 Sep 2020 08:56:31 GMT | INFO  | Server is running on port: 3000
Wed, 30 Sep 2020 08:56:31 GMT | INFO  | Connected to database
Wed, 30 Sep 2020 09:05:35 GMT | INFO  | Server is running on port: 3000
Wed, 30 Sep 2020 09:05:35 GMT | INFO  | Connected to database
Wed, 30 Sep 2020 09:07:20 GMT | INFO  | Server is running on port: 3000
Wed, 30 Sep 2020 09:07:20 GMT | INFO  | Connected to database
Wed, 30 Sep 2020 09:11:30 GMT | INFO  | Server is running on port: 3000
Wed, 30 Sep 2020 09:11:30 GMT | INFO  | Connected to database
Wed, 30 Sep 2020 09:18:39 GMT | INFO  | Server is running on port: 3000
Wed, 30 Sep 2020 09:18:39 GMT | INFO  | Connected to database
Wed, 30 Sep 2020 09:21:07 GMT | INFO  | Server is running on port: 3000
Wed, 30 Sep 2020 09:21:07 GMT | INFO  | Connected to database
Wed, 30 Sep 2020 09:35:01 GMT | INFO  | Server is running on port: 3000
Wed, 30 Sep 2020 09:35:01 GMT | INFO  | Connected to database
Wed, 30 Sep 2020 09:45:27 GMT | INFO  | Server is running on port: 3000
Wed, 30 Sep 2020 09:45:27 GMT | INFO  | Connected to database
Wed, 30 Sep 2020 09:46:33 GMT | INFO  | Server is running on port: 3000
Wed, 30 Sep 2020 09:46:33 GMT | INFO  | Connected to database
Wed, 30 Sep 2020 09:56:13 GMT | INFO  | Server is running on port: 3000
Wed, 30 Sep 2020 09:56:13 GMT | INFO  | Connected to database
Wed, 30 Sep 2020 09:56:37 GMT | INFO  | Server is running on port: 3000
Wed, 30 Sep 2020 09:56:37 GMT | INFO  | Connected to database
Sun, 04 Oct 2020 12:26:28 GMT | INFO  | Server is running on port: 3000
Sun, 04 Oct 2020 12:26:28 GMT | INFO  | Connected to database
Sun, 04 Oct 2020 13:16:00 GMT | INFO  | Server is running on port: 3000
Sun, 04 Oct 2020 13:16:00 GMT | INFO  | Connected to database
Sun, 04 Oct 2020 13:18:36 GMT | INFO  | Server is running on port: 3000
Sun, 04 Oct 2020 13:18:36 GMT | INFO  | Connected to database
Sun, 04 Oct 2020 13:19:03 GMT | INFO  | Server is running on port: 3000
Sun, 04 Oct 2020 13:19:03 GMT | INFO  | Connected to database
Sun, 04 Oct 2020 13:35:37 GMT | INFO  | Server is running on port: 3000
Sun, 04 Oct 2020 13:35:37 GMT | INFO  | Connected to database
Sun, 04 Oct 2020 13:36:41 GMT | INFO  | Server is running on port: 3000
Sun, 04 Oct 2020 13:36:41 GMT | INFO  | Connected to database
Sun, 04 Oct 2020 13:42:37 GMT | INFO  | Server is running on port: 3000
Sun, 04 Oct 2020 13:42:37 GMT | INFO  | Connected to database
Sun, 04 Oct 2020 13:50:13 GMT | INFO  | Server is running on port: 3000
Sun, 04 Oct 2020 13:50:13 GMT | INFO  | Connected to database
Sun, 04 Oct 2020 13:54:23 GMT | INFO  | Server is running on port: 3000
Sun, 04 Oct 2020 13:54:23 GMT | INFO  | Connected to database
Sun, 04 Oct 2020 14:06:29 GMT | INFO  | Server is running on port: 3000
Sun, 04 Oct 2020 14:06:29 GMT | INFO  | Connected to database
Sun, 04 Oct 2020 14:12:35 GMT | INFO  | Server is running on port: 3000
Sun, 04 Oct 2020 14:12:35 GMT | INFO  | Connected to database
Sun, 04 Oct 2020 14:16:15 GMT | INFO  | Server is running on port: 3000
Sun, 04 Oct 2020 14:16:15 GMT | INFO  | Connected to database
Sun, 04 Oct 2020 14:17:31 GMT | INFO  | Server is running on port: 3000
Sun, 04 Oct 2020 14:17:31 GMT | INFO  | Connected to database
Sun, 04 Oct 2020 14:29:22 GMT | INFO  | Server is running on port: 3000
Sun, 04 Oct 2020 14:29:22 GMT | INFO  | Connected to database
Sun, 04 Oct 2020 14:31:44 GMT | INFO  | Server is running on port: 3000
Sun, 04 Oct 2020 14:37:09 GMT | INFO  | Server is running on port: 3000
Sun, 04 Oct 2020 14:41:14 GMT | INFO  | Server is running on port: 3000
Sun, 04 Oct 2020 14:42:10 GMT | INFO  | Server is running on port: 3000
Sun, 04 Oct 2020 14:42:10 GMT | INFO  | Connected to database
